21:06:07 **** Incremental Build of configuration Nios II for project lab_5 ****
make all 
Info: Building ../lab_5_bsp/
C:/intelFPGA_lite/18.1/nios2eds/bin/gnu/H-x86_64-mingw32/bin/make --no-print-directory -C ../lab_5_bsp/
[BSP build complete]
[lab_5 build complete]
21:06:23 **** Incremental Build of configuration Nios II for project lab_5 ****
make all 
Info: Building ../lab_5_bsp/
C:/intelFPGA_lite/18.1/nios2eds/bin/gnu/H-x86_64-mingw32/bin/make --no-print-directory -C ../lab_5_bsp/
[BSP build complete]
[lab_5 build complete]
21:06:23 **** Incremental Build of configuration Nios II for project lab_5_bsp ****
make all 
[BSP build complete]
21:06:58 **** Build of configuration Nios II for project lab_5 ****
make all 
Info: Building ../lab_5_bsp/
C:/intelFPGA_lite/18.1/nios2eds/bin/gnu/H-x86_64-mingw32/bin/make --no-print-directory -C ../lab_5_bsp/
[BSP build complete]
[lab_5 build complete]
21:06:59 **** Incremental Build of configuration Nios II for project lab_5 ****
make all 
Info: Building ../lab_5_bsp/
C:/intelFPGA_lite/18.1/nios2eds/bin/gnu/H-x86_64-mingw32/bin/make --no-print-directory -C ../lab_5_bsp/
[BSP build complete]
[lab_5 build complete]
04:21:08 **** Incremental Build of configuration Nios II for project lab_5 ****
make all 
Info: Building ../lab_5_bsp/
C:/intelFPGA_lite/18.1/nios2eds/bin/gnu/H-x86_64-mingw32/bin/make --no-print-directory -C ../lab_5_bsp/
[BSP build complete]
[lab_5 build complete]
04:21:10 **** Incremental Build of configuration Nios II for project lab_5_bsp ****
make all 
[BSP build complete]
04:21:18 **** Build of configuration Nios II for project lab_5 ****
make all 
Info: Building ../lab_5_bsp/
C:/intelFPGA_lite/18.1/nios2eds/bin/gnu/H-x86_64-mingw32/bin/make --no-print-directory -C ../lab_5_bsp/
[BSP build complete]
[lab_5 build complete]
04:21:19 **** Incremental Build of configuration Nios II for project lab_5 ****
make all 
Info: Building ../lab_5_bsp/
C:/intelFPGA_lite/18.1/nios2eds/bin/gnu/H-x86_64-mingw32/bin/make --no-print-directory -C ../lab_5_bsp/
[BSP build complete]
[lab_5 build complete]
