21:09:44 **** Incremental Build of configuration Nios II for project Lab6_Part4 ****
make all 
Info: Building G:/Documents/School/6th_Year/ESD/Labs/7/quartus/part4/software/Lab6_Part4_bsp/
C:/intelFPGA_lite/18.1/nios2eds/bin/gnu/H-x86_64-mingw32/bin/make --no-print-directory -C G:/Documents/School/6th_Year/ESD/Labs/7/quartus/part4/software/Lab6_Part4_bsp/
[BSP build complete]
Info: Compiling Lab7_Part4.c to obj/default/Lab7_Part4.o
nios2-elf-gcc -xc -MP -MMD -c -IG:/Documents/School/6th_Year/ESD/Labs/7/quartus/part4/software/Lab6_Part4_bsp//HAL/inc -IG:/Documents/School/6th_Year/ESD/Labs/7/quartus/part4/software/Lab6_Part4_bsp/ -IG:/Documents/School/6th_Year/ESD/Labs/7/quartus/part4/software/Lab6_Part4_bsp//drivers/inc  -pipe -D__hal__ -DALT_NO_C_PLUS_PLUS -DALT_NO_INSTRUCTION_EMULATION -DALT_USE_SMALL_DRIVERS -DSMALL_C_LIB -DALT_SINGLE_THREADED    -O0 -g -Wall   -mno-hw-div -mno-hw-mul -mno-hw-mulx -mgpopt=global  -o obj/default/Lab7_Part4.o Lab7_Part4.c
Lab7_Part4.c: In function 'RAM32bit':
Lab7_Part4.c:115:20: warning: format '%u' expects argument of type 'unsigned int', but argument 3 has type 'uint32 {aka long unsigned int}' [-Wformat=]
             printf("\n\nERROR: Address: %u Read: %u Expected: %u",i,*(startAddress + i),testData);
                    ^
Lab7_Part4.c:115:20: warning: format '%u' expects argument of type 'unsigned int', but argument 4 has type 'uint32 {aka long unsigned int}' [-Wformat=]
Lab7_Part4.c:115:20: warning: format '%u' expects argument of type 'unsigned int', but argument 3 has type 'uint32 {aka long unsigned int}' [-Wformat=]
Lab7_Part4.c:115:20: warning: format '%u' expects argument of type 'unsigned int', but argument 4 has type 'uint32 {aka long unsigned int}' [-Wformat=]
Lab7_Part4.c: In function 'pushbutton_isr':
Lab7_Part4.c:133:16: warning: pointer targets in passing argument 1 of 'printf' differ in signedness [-Wpointer-sign]
         printf((uint8*)"\n\nRAM TEST DONE %u", 13);
                ^
In file included from c:\intelfpga_lite\18.1\nios2eds\bin\gnu\h-x86_64-mingw32\nios2-elf\include\stdio.h:29:0,
                 from Lab7_Part4.c:2:
c:\intelfpga_lite\18.1\nios2eds\bin\gnu\h-x86_64-mingw32\nios2-elf\include\stdio.h:215:5: note: expected 'const char * restrict' but argument is of type 'uint8 * {aka unsigned char *}'
 int _EXFUN(printf, (const char *__restrict, ...)
     ^
Info: Linking Lab6_Part4.elf
nios2-elf-g++  -T'G:/Documents/School/6th_Year/ESD/Labs/7/quartus/part4/software/Lab6_Part4_bsp//linker.x' -msys-crt0='G:/Documents/School/6th_Year/ESD/Labs/7/quartus/part4/software/Lab6_Part4_bsp//obj/HAL/src/crt0.o' -msys-lib=hal_bsp -LG:/Documents/School/6th_Year/ESD/Labs/7/quartus/part4/software/Lab6_Part4_bsp/  -msmallc  -Wl,-Map=Lab6_Part4.map   -O0 -g -Wall   -mno-hw-div -mno-hw-mul -mno-hw-mulx -mgpopt=global  -o Lab6_Part4.elf obj/default/Lab7_Part4.o -lm -msys-lib=m
nios2-elf-insert Lab6_Part4.elf --thread_model hal --cpu_name nios2_gen2_0 --qsys true --simulation_enabled false --id 6 --sidp 0xd020 --timestamp 1587861497 --stderr_dev jtag_uart_0 --stdin_dev jtag_uart_0 --stdout_dev jtag_uart_0 --sopc_system_name nios_system --quartus_project_dir "g:/Documents/School/6th_Year/ESD/Labs/7/quartus/part3" --jdi G:/Documents/School/6th_Year/ESD/Labs/7/quartus/part3//output_files/part1.jdi --sopcinfo G:/Documents/School/6th_Year/ESD/Labs/7/quartus/part3/nios_system.sopcinfo
Info: (Lab6_Part4.elf) 10 KBytes program size (code + initialized data).
Info:                  5388 Bytes free for stack + heap.
Info: Creating Lab6_Part4.objdump
nios2-elf-objdump --disassemble --syms --all-header --source Lab6_Part4.elf >Lab6_Part4.objdump
[Lab6_Part4 build complete]
21:10:04 **** Build of configuration Nios II for project Lab6_Part4 ****
make all 
Info: Building G:/Documents/School/6th_Year/ESD/Labs/7/quartus/part4/software/Lab6_Part4_bsp/
C:/intelFPGA_lite/18.1/nios2eds/bin/gnu/H-x86_64-mingw32/bin/make --no-print-directory -C G:/Documents/School/6th_Year/ESD/Labs/7/quartus/part4/software/Lab6_Part4_bsp/
[BSP build complete]
[Lab6_Part4 build complete]
21:10:05 **** Incremental Build of configuration Nios II for project Lab6_Part4 ****
make all 
Info: Building G:/Documents/School/6th_Year/ESD/Labs/7/quartus/part4/software/Lab6_Part4_bsp/
C:/intelFPGA_lite/18.1/nios2eds/bin/gnu/H-x86_64-mingw32/bin/make --no-print-directory -C G:/Documents/School/6th_Year/ESD/Labs/7/quartus/part4/software/Lab6_Part4_bsp/
[BSP build complete]
[Lab6_Part4 build complete]
