19:34:33 **** Incremental Build of configuration Nios II for project audio_filter_APP ****
make all 
Info: Building ../audio_filter_APP_bsp/
C:/intelFPGA_lite/18.1/nios2eds/bin/gnu/H-x86_64-mingw32/bin/make --no-print-directory -C ../audio_filter_APP_bsp/
[BSP build complete]
[audio_filter_APP build complete]
19:34:47 **** Build of configuration Nios II for project audio_filter_APP ****
make all 
Info: Building ../audio_filter_APP_bsp/
C:/intelFPGA_lite/18.1/nios2eds/bin/gnu/H-x86_64-mingw32/bin/make --no-print-directory -C ../audio_filter_APP_bsp/
[BSP build complete]
[audio_filter_APP build complete]
19:34:48 **** Incremental Build of configuration Nios II for project audio_filter_APP ****
make all 
Info: Building ../audio_filter_APP_bsp/
C:/intelFPGA_lite/18.1/nios2eds/bin/gnu/H-x86_64-mingw32/bin/make --no-print-directory -C ../audio_filter_APP_bsp/
[BSP build complete]
[audio_filter_APP build complete]
02:58:15 **** Incremental Build of configuration Nios II for project audio_filter_APP ****
make all 
Info: Building ../audio_filter_APP_bsp/
C:/intelFPGA_lite/18.1/nios2eds/bin/gnu/H-x86_64-mingw32/bin/make --no-print-directory -C ../audio_filter_APP_bsp/
[BSP build complete]
[audio_filter_APP build complete]
02:58:16 **** Incremental Build of configuration Nios II for project audio_filter_APP_bsp ****
make all 
[BSP build complete]
02:58:58 **** Build of configuration Nios II for project audio_filter_APP ****
make all 
Info: Building ../audio_filter_APP_bsp/
C:/intelFPGA_lite/18.1/nios2eds/bin/gnu/H-x86_64-mingw32/bin/make --no-print-directory -C ../audio_filter_APP_bsp/
[BSP build complete]
[audio_filter_APP build complete]
02:59:00 **** Incremental Build of configuration Nios II for project audio_filter_APP ****
make all 
Info: Building ../audio_filter_APP_bsp/
C:/intelFPGA_lite/18.1/nios2eds/bin/gnu/H-x86_64-mingw32/bin/make --no-print-directory -C ../audio_filter_APP_bsp/
[BSP build complete]
[audio_filter_APP build complete]
