Flow report for Lab_4_Servo_Controller
Sat Mar 07 22:49:19 2020
Quartus Prime Version 18.1.0 Build 625 09/12/2018 SJ Lite Edition


---------------------
; Table of Contents ;
---------------------
  1. Legal Notice
  2. Flow Summary
  3. Flow Settings
  4. Flow Non-Default Global Settings
  5. Flow Elapsed Time
  6. Flow OS Summary
  7. Flow Log
  8. Flow Messages
  9. Flow Suppressed Messages



----------------
; Legal Notice ;
----------------
Copyright (C) 2018  Intel Corporation. All rights reserved.
Your use of Intel Corporation's design tools, logic functions 
and other software and tools, and its AMPP partner logic 
functions, and any output files from any of the foregoing 
(including device programming or simulation files), and any 
associated documentation or information are expressly subject 
to the terms and conditions of the Intel Program License 
Subscription Agreement, the Intel Quartus Prime License Agreement,
the Intel FPGA IP License Agreement, or other applicable license
agreement, including, without limitation, that your use is for
the sole purpose of programming logic devices manufactured by
Intel and sold by Intel or its authorized distributors.  Please
refer to the applicable agreement for further details.



+-------------------------------------------------------------------------------+
; Flow Summary                                                                  ;
+---------------------------------+---------------------------------------------+
; Flow Status                     ; Successful - Sat Mar 07 22:49:00 2020       ;
; Quartus Prime Version           ; 18.1.0 Build 625 09/12/2018 SJ Lite Edition ;
; Revision Name                   ; Lab_4_Servo_Controller                      ;
; Top-level Entity Name           ; Lab_4_Servo_Controller_Top                  ;
; Family                          ; Cyclone V                                   ;
; Device                          ; 5CSEMA5F31C6                                ;
; Timing Models                   ; Final                                       ;
; Logic utilization (in ALMs)     ; 145 / 32,070 ( < 1 % )                      ;
; Total registers                 ; 147                                         ;
; Total pins                      ; 51 / 457 ( 11 % )                           ;
; Total virtual pins              ; 0                                           ;
; Total block memory bits         ; 0 / 4,065,280 ( 0 % )                       ;
; Total DSP Blocks                ; 0 / 87 ( 0 % )                              ;
; Total HSSI RX PCSs              ; 0                                           ;
; Total HSSI PMA RX Deserializers ; 0                                           ;
; Total HSSI TX PCSs              ; 0                                           ;
; Total HSSI PMA TX Serializers   ; 0                                           ;
; Total PLLs                      ; 0 / 6 ( 0 % )                               ;
; Total DLLs                      ; 0 / 4 ( 0 % )                               ;
+---------------------------------+---------------------------------------------+


+--------------------------------------------+
; Flow Settings                              ;
+-------------------+------------------------+
; Option            ; Setting                ;
+-------------------+------------------------+
; Start date & time ; 03/07/2020 22:47:15    ;
; Main task         ; Compilation            ;
; Revision Name     ; Lab_4_Servo_Controller ;
+-------------------+------------------------+


+----------------------------------------------------------------------------------------------------------------+
; Flow Non-Default Global Settings                                                                               ;
+--------------------------+---------------------------------+------------------------+-------------+------------+
; Assignment Name          ; Value                           ; Default Value          ; Entity Name ; Section Id ;
+--------------------------+---------------------------------+------------------------+-------------+------------+
; COMPILER_SIGNATURE_ID    ; 160840525641869.158363923422232 ; --                     ; --          ; --         ;
; PROJECT_OUTPUT_DIRECTORY ; ../output_files                 ; --                     ; --          ; --         ;
; TOP_LEVEL_ENTITY         ; Lab_4_Servo_Controller_Top      ; Lab_4_Servo_Controller ; --          ; --         ;
+--------------------------+---------------------------------+------------------------+-------------+------------+


+--------------------------------------------------------------------------------------------------------------------------+
; Flow Elapsed Time                                                                                                        ;
+----------------------+--------------+-------------------------+---------------------+------------------------------------+
; Module Name          ; Elapsed Time ; Average Processors Used ; Peak Virtual Memory ; Total CPU Time (on all processors) ;
+----------------------+--------------+-------------------------+---------------------+------------------------------------+
; Analysis & Synthesis ; 00:00:20     ; 1.0                     ; 4862 MB             ; 00:00:44                           ;
; Fitter               ; 00:01:08     ; 1.0                     ; 6283 MB             ; 00:01:52                           ;
; Assembler            ; 00:00:13     ; 1.0                     ; 4834 MB             ; 00:00:12                           ;
; Timing Analyzer      ; 00:00:18     ; 1.1                     ; 5120 MB             ; 00:00:14                           ;
; Total                ; 00:01:59     ; --                      ; --                  ; 00:03:02                           ;
+----------------------+--------------+-------------------------+---------------------+------------------------------------+


+------------------------------------------------------------------------------------+
; Flow OS Summary                                                                    ;
+----------------------+------------------+------------+------------+----------------+
; Module Name          ; Machine Hostname ; OS Name    ; OS Version ; Processor type ;
+----------------------+------------------+------------+------------+----------------+
; Analysis & Synthesis ; Apa_PC           ; Windows 10 ; 10.0       ; x86_64         ;
; Fitter               ; Apa_PC           ; Windows 10 ; 10.0       ; x86_64         ;
; Assembler            ; Apa_PC           ; Windows 10 ; 10.0       ; x86_64         ;
; Timing Analyzer      ; Apa_PC           ; Windows 10 ; 10.0       ; x86_64         ;
+----------------------+------------------+------------+------------+----------------+


------------
; Flow Log ;
------------
quartus_map --read_settings_files=on --write_settings_files=off Lab_4_Servo_Controller -c Lab_4_Servo_Controller
quartus_fit --read_settings_files=off --write_settings_files=off Lab_4_Servo_Controller -c Lab_4_Servo_Controller
quartus_asm --read_settings_files=off --write_settings_files=off Lab_4_Servo_Controller -c Lab_4_Servo_Controller
quartus_sta Lab_4_Servo_Controller -c Lab_4_Servo_Controller



