15:21:57 **** Build of configuration Nios II for project Arbitration_part1_app ****
make all 
Info: Building ../Arbitration_part1_app_bsp/
C:/intelFPGA_lite/18.1/nios2eds/bin/gnu/H-x86_64-mingw32/bin/make --no-print-directory -C ../Arbitration_part1_app_bsp/
[BSP build complete]
Info: Linking Arbitration_part1_app.elf
nios2-elf-g++  -T'../Arbitration_part1_app_bsp//linker.x' -msys-crt0='../Arbitration_part1_app_bsp//obj/HAL/src/crt0.o' -msys-lib=hal_bsp -L../Arbitration_part1_app_bsp/   -Wl,-Map=Arbitration_part1_app.map   -O0 -g -Wall   -mno-hw-div -mno-hw-mul -mno-hw-mulx -mgpopt=global  -o Arbitration_part1_app.elf  -lm -msys-lib=m
../Arbitration_part1_app_bsp/\libhal_bsp.a(alt_main.o): In function `alt_main':
G:\Documents\School\6th_Year\ESD\Demos\10\Arbitration_Demo\Quartus\part1\software\Arbitration_part1_app_bsp/HAL/src/alt_main.c:154: undefined reference to `main'
collect2.exe: error: ld returned 1 exit status
make: *** [Arbitration_part1_app.elf] Error 1
15:22:13 **** Incremental Build of configuration Nios II for project Arbitration_part1_app ****
make all 
Info: Building ../Arbitration_part1_app_bsp/
C:/intelFPGA_lite/18.1/nios2eds/bin/gnu/H-x86_64-mingw32/bin/make --no-print-directory -C ../Arbitration_part1_app_bsp/
[BSP build complete]
Info: Compiling Arbitration_part1.c to obj/default/Arbitration_part1.o
nios2-elf-gcc -xc -MP -MMD -c -I../Arbitration_part1_app_bsp//HAL/inc -I../Arbitration_part1_app_bsp/ -I../Arbitration_part1_app_bsp//drivers/inc  -pipe -D__hal__ -DALT_NO_INSTRUCTION_EMULATION -DALT_SINGLE_THREADED    -O0 -g -Wall   -mno-hw-div -mno-hw-mul -mno-hw-mulx -mgpopt=global  -o obj/default/Arbitration_part1.o Arbitration_part1.c
Arbitration_part1.c: In function 'main':
Arbitration_part1.c:97:9: warning: unused variable 'fail' [-Wunused-variable]
   uint8 fail = 0;
         ^
Info: Linking Arbitration_part1_app.elf
nios2-elf-g++  -T'../Arbitration_part1_app_bsp//linker.x' -msys-crt0='../Arbitration_part1_app_bsp//obj/HAL/src/crt0.o' -msys-lib=hal_bsp -L../Arbitration_part1_app_bsp/   -Wl,-Map=Arbitration_part1_app.map   -O0 -g -Wall   -mno-hw-div -mno-hw-mul -mno-hw-mulx -mgpopt=global  -o Arbitration_part1_app.elf obj/default/Arbitration_part1.o -lm -msys-lib=m
nios2-elf-insert Arbitration_part1_app.elf --thread_model hal --cpu_name nios2_gen2_0 --qsys true --simulation_enabled false --id 16 --sidp 0x1818 --timestamp 1587409422 --stderr_dev jtag_uart_0 --stdin_dev jtag_uart_0 --stdout_dev jtag_uart_0 --sopc_system_name nios_system --quartus_project_dir "G:/Documents/School/6th_Year/ESD/Demos/10/Arbitration_Demo/Quartus/part1" --jdi ../..//output_files/Arbitration_part1.jdi --sopcinfo G:/Documents/School/6th_Year/ESD/Demos/10/Arbitration_Demo/Quartus/part1/software/Arbitration_part1_app_bsp/../../nios_system.sopcinfo
Info: (Arbitration_part1_app.elf) 15 KBytes program size (code + initialized data).
Info:                             11 KBytes free for stack + heap.
Info: Creating Arbitration_part1_app.objdump
nios2-elf-objdump --disassemble --syms --all-header --source Arbitration_part1_app.elf >Arbitration_part1_app.objdump
[Arbitration_part1_app build complete]
15:22:15 **** Incremental Build of configuration Nios II for project Arbitration_part1_app_bsp ****
make all 
[BSP build complete]
15:22:36 **** Build of configuration Nios II for project Arbitration_part1_app ****
make all 
Info: Building ../Arbitration_part1_app_bsp/
C:/intelFPGA_lite/18.1/nios2eds/bin/gnu/H-x86_64-mingw32/bin/make --no-print-directory -C ../Arbitration_part1_app_bsp/
[BSP build complete]
[Arbitration_part1_app build complete]
15:22:37 **** Incremental Build of configuration Nios II for project Arbitration_part1_app ****
make all 
Info: Building ../Arbitration_part1_app_bsp/
C:/intelFPGA_lite/18.1/nios2eds/bin/gnu/H-x86_64-mingw32/bin/make --no-print-directory -C ../Arbitration_part1_app_bsp/
[BSP build complete]
[Arbitration_part1_app build complete]
15:36:46 **** Incremental Build of configuration Nios II for project Arbitration_part1_app ****
make all 
Info: Building ../Arbitration_part1_app_bsp/
C:/intelFPGA_lite/18.1/nios2eds/bin/gnu/H-x86_64-mingw32/bin/make --no-print-directory -C ../Arbitration_part1_app_bsp/
[BSP build complete]
[Arbitration_part1_app build complete]
15:36:47 **** Incremental Build of configuration Nios II for project Arbitration_part1_app_bsp ****
make all 
[BSP build complete]
15:36:57 **** Build of configuration Nios II for project Arbitration_part1_app ****
make all 
Info: Building ../Arbitration_part1_app_bsp/
C:/intelFPGA_lite/18.1/nios2eds/bin/gnu/H-x86_64-mingw32/bin/make --no-print-directory -C ../Arbitration_part1_app_bsp/
[BSP build complete]
[Arbitration_part1_app build complete]
15:36:58 **** Incremental Build of configuration Nios II for project Arbitration_part1_app ****
make all 
Info: Building ../Arbitration_part1_app_bsp/
C:/intelFPGA_lite/18.1/nios2eds/bin/gnu/H-x86_64-mingw32/bin/make --no-print-directory -C ../Arbitration_part1_app_bsp/
[BSP build complete]
[Arbitration_part1_app build complete]
15:38:27 **** Build of configuration Nios II for project Arbitration_part1_app ****
make all 
Info: Building ../Arbitration_part1_app_bsp/
C:/intelFPGA_lite/18.1/nios2eds/bin/gnu/H-x86_64-mingw32/bin/make --no-print-directory -C ../Arbitration_part1_app_bsp/
[BSP build complete]
[Arbitration_part1_app build complete]
15:38:27 **** Incremental Build of configuration Nios II for project Arbitration_part1_app ****
make all 
Info: Building ../Arbitration_part1_app_bsp/
C:/intelFPGA_lite/18.1/nios2eds/bin/gnu/H-x86_64-mingw32/bin/make --no-print-directory -C ../Arbitration_part1_app_bsp/
[BSP build complete]
[Arbitration_part1_app build complete]
