14:14:21 **** Incremental Build of configuration Nios II for project ConfigB_App ****
make all 
Info: Building ../configb_bsp/
C:/intelFPGA_lite/18.1/nios2eds/bin/gnu/H-x86_64-mingw32/bin/make --no-print-directory -C ../configb_bsp/
[BSP build complete]
Info: Compiling MatrixAddition.c to obj/default/MatrixAddition.o
nios2-elf-gcc -xc -MP -MMD -c -I../configb_bsp//HAL/inc -I../configb_bsp/ -I../configb_bsp//drivers/inc  -pipe -D__hal__ -DALT_NO_INSTRUCTION_EMULATION -DALT_SINGLE_THREADED    -O0 -g -Wall   -mno-hw-div -mhw-mul -mno-hw-mulx -mgpopt=global  -o obj/default/MatrixAddition.o MatrixAddition.c
Info: Linking configb.elf
nios2-elf-g++  -T'../configb_bsp//linker.x' -msys-crt0='../configb_bsp//obj/HAL/src/crt0.o' -msys-lib=hal_bsp -L../configb_bsp/   -Wl,-Map=configb.map   -O0 -g -Wall   -mno-hw-div -mhw-mul -mno-hw-mulx -mgpopt=global  -o configb.elf obj/default/MatrixAddition.o -lm -msys-lib=m
nios2-elf-insert configb.elf --thread_model hal --cpu_name nios2_qsys_0 --qsys true --simulation_enabled false --id 57 --sidp 0x8009020 --timestamp 1539310155 --stderr_dev jtag_uart_0 --stdin_dev jtag_uart_0 --stdout_dev jtag_uart_0 --sopc_system_name ConfigB --quartus_project_dir "H:/Documents/School/6th_Year/ESD/Demos/7/cache_demo" --sopcinfo H:/Documents/School/6th_Year/ESD/Demos/7/cache_demo/software/configb_bsp/../../ConfigB.sopcinfo
Info: (configb.elf) 75 KBytes program size (code + initialized data).
Info:               30 KBytes free for stack + heap.
Info: Creating configb.objdump
nios2-elf-objdump --disassemble --syms --all-header --source configb.elf >configb.objdump
[configb build complete]
14:14:35 **** Build of configuration Nios II for project ConfigB_App ****
make all 
Info: Building ../configb_bsp/
C:/intelFPGA_lite/18.1/nios2eds/bin/gnu/H-x86_64-mingw32/bin/make --no-print-directory -C ../configb_bsp/
[BSP build complete]
[configb build complete]
14:14:36 **** Incremental Build of configuration Nios II for project ConfigB_App ****
make all 
Info: Building ../configb_bsp/
C:/intelFPGA_lite/18.1/nios2eds/bin/gnu/H-x86_64-mingw32/bin/make --no-print-directory -C ../configb_bsp/
[BSP build complete]
[configb build complete]
